<?xml version="1.0" encoding="UTF-8"?>
<!-- Generated by org.testng.reporters.JUnitReportReporter -->
<testsuite skipped="0" hostname="adhmin-PC" name="testNGBasics.TestNGException" tests="1" failures="0" timestamp="03 May 2020 13:26:15 GMT" time="0.030" errors="0">
  <testcase name="cal" time="0.030" classname="testNGBasics.TestNGException"/>
</testsuite> <!-- testNGBasics.TestNGException -->
