<?xml version="1.0" encoding="UTF-8"?>
<!-- Generated by org.testng.reporters.JUnitReportReporter -->
<testsuite skipped="0" hostname="adhmin-PC" name="testNGBasics.TestNGinvocation" tests="10" failures="0" timestamp="03 May 2020 13:19:26 GMT" time="0.072" errors="0">
  <testcase name="sum" time="0.005" classname="testNGBasics.TestNGinvocation"/>
  <testcase name="sum" time="0.002" classname="testNGBasics.TestNGinvocation"/>
  <testcase name="sum" time="0.002" classname="testNGBasics.TestNGinvocation"/>
  <testcase name="sum" time="0.003" classname="testNGBasics.TestNGinvocation"/>
  <testcase name="sum" time="0.005" classname="testNGBasics.TestNGinvocation"/>
  <testcase name="sum" time="0.009" classname="testNGBasics.TestNGinvocation"/>
  <testcase name="sum" time="0.029" classname="testNGBasics.TestNGinvocation"/>
  <testcase name="sum" time="0.011" classname="testNGBasics.TestNGinvocation"/>
  <testcase name="sum" time="0.003" classname="testNGBasics.TestNGinvocation"/>
  <testcase name="sum" time="0.003" classname="testNGBasics.TestNGinvocation"/>
</testsuite> <!-- testNGBasics.TestNGinvocation -->
