<?xml version="1.0" encoding="UTF-8"?>
<!-- Generated by org.testng.reporters.JUnitReportReporter -->
<testsuite skipped="0" hostname="adhmin-PC" name="dddframework.DataProviderWithExcel" tests="3" failures="0" timestamp="05 May 2020 17:14:55 GMT" time="405.865" errors="0">
  <testcase name="signIn" time="184.189" classname="dddframework.DataProviderWithExcel"/>
  <testcase name="signIn" time="108.101" classname="dddframework.DataProviderWithExcel"/>
  <testcase name="signIn" time="113.575" classname="dddframework.DataProviderWithExcel"/>
</testsuite> <!-- dddframework.DataProviderWithExcel -->
