<?xml version="1.0" encoding="UTF-8"?>
<!-- Generated by org.testng.reporters.JUnitReportReporter -->
<testsuite skipped="0" hostname="adhmin-PC" name="testNGBasics.TestNG_Demo" tests="3" failures="0" timestamp="03 May 2020 13:35:14 GMT" time="0.042" errors="0">
  <testcase name="TC1_verifyTitle" time="0.022" classname="testNGBasics.TestNG_Demo"/>
  <testcase name="Tc3_passordVerification" time="0.003" classname="testNGBasics.TestNG_Demo"/>
  <testcase name="Tc2_emailVerification" time="0.017" classname="testNGBasics.TestNG_Demo"/>
</testsuite> <!-- testNGBasics.TestNG_Demo -->
