<?xml version="1.0" encoding="UTF-8"?>
<!-- Generated by org.testng.reporters.JUnitReportReporter -->
<testsuite skipped="0" hostname="adhmin-PC" name="multibrowsing.Login" tests="1" failures="0" timestamp="08 May 2020 16:13:12 GMT" time="108.515" errors="0">
  <testcase name="login" time="108.515" classname="multibrowsing.Login"/>
</testsuite> <!-- multibrowsing.Login -->
