<?xml version="1.0" encoding="UTF-8"?>
<!-- Generated by org.testng.reporters.JUnitReportReporter -->
<testsuite skipped="0" hostname="adhmin-PC" name="testNGBasics.TestNGGrouping" tests="5" failures="0" timestamp="03 May 2020 12:59:28 GMT" time="0.219" errors="0">
  <testcase name="homeScreen" time="0.004" classname="testNGBasics.TestNGGrouping"/>
  <testcase name="sendEmail" time="0.008" classname="testNGBasics.TestNGGrouping"/>
  <testcase name="loginScreen" time="0.007" classname="testNGBasics.TestNGGrouping"/>
  <testcase name="composeEmail" time="0.194" classname="testNGBasics.TestNGGrouping"/>
  <testcase name="welcomePage" time="0.006" classname="testNGBasics.TestNGGrouping"/>
</testsuite> <!-- testNGBasics.TestNGGrouping -->
