<?xml version="1.0" encoding="UTF-8"?>
<!-- Generated by org.testng.reporters.JUnitReportReporter -->
<testsuite skipped="0" hostname="adhmin-PC" name="dddframework.DataProviderWithoutExcel" tests="3" failures="0" timestamp="05 May 2020 16:09:44 GMT" time="156.449" errors="0">
  <testcase name="signIn" time="72.094" classname="dddframework.DataProviderWithoutExcel"/>
  <testcase name="signIn" time="45.935" classname="dddframework.DataProviderWithoutExcel"/>
  <testcase name="signIn" time="38.420" classname="dddframework.DataProviderWithoutExcel"/>
</testsuite> <!-- dddframework.DataProviderWithoutExcel -->
