<?xml version="1.0" encoding="UTF-8"?>
<!-- Generated by org.testng.reporters.JUnitReportReporter -->
<testsuite skipped="0" hostname="adhmin-PC" name="dddframework.Parameter" tests="1" failures="0" timestamp="05 May 2020 15:49:32 GMT" time="130.768" errors="0">
  <testcase name="signIn" time="130.768" classname="dddframework.Parameter"/>
</testsuite> <!-- dddframework.Parameter -->
